<?xml version="1.0" encoding="UTF-8"?>
<!-- Generated by org.testng.reporters.JUnitReportReporter -->
<testsuite hostname="DESKTOP-C00EN1E" failures="0" tests="1" name="pom2Pagefactory.WithoutAtFindby" time="19.106" errors="0" timestamp="2021-06-19T03:29:33 PDT" skipped="0">
  <testcase classname="pom2Pagefactory.WithoutAtFindby" name="start" time="19.106"/>
  <system-out/>
</testsuite> <!-- pom2Pagefactory.WithoutAtFindby -->
